android-testapp/app/build/intermediates/manifest_merge_blame_file/debug/processDebugMainManifest/manifest-merger-blame-debug-report.txt
1<?xml version="1.0" encoding="utf-8"?>
2<manifest xmlns:android="http://schemas.android.com/apk/res/android"
3    package="com.foxhole.coretest"
4    android:versionCode="1"
5    android:versionName="0.1" >
6
7    <uses-sdk
7-->INJECTED
8        android:minSdkVersion="26"
8-->INJECTED
9        android:targetSdkVersion="37" />
9-->INJECTED
10
11    <uses-permission android:name="android.permission.INTERNET" />
11-->src/main/AndroidManifest.xml:4:5-67
11-->src/main/AndroidManifest.xml:4:22-64
12    <uses-permission android:name="android.permission.FOREGROUND_SERVICE" />
12-->src/main/AndroidManifest.xml:5:5-77
12-->src/main/AndroidManifest.xml:5:22-74
13    <uses-permission android:name="android.permission.FOREGROUND_SERVICE_SPECIAL_USE" />
13-->src/main/AndroidManifest.xml:6:5-89
13-->src/main/AndroidManifest.xml:6:22-86
14    <uses-permission android:name="android.permission.POST_NOTIFICATIONS" />
14-->src/main/AndroidManifest.xml:7:5-77
14-->src/main/AndroidManifest.xml:7:22-74
15    <!--
16         getActiveNetwork()/getNetworkHandle() for nativeStartWithNetwork, and the
17         ConnectivityManager the core uses for per-flow UID attribution.
18    -->
19    <uses-permission android:name="android.permission.ACCESS_NETWORK_STATE" />
19-->src/main/AndroidManifest.xml:10:5-79
19-->src/main/AndroidManifest.xml:10:22-76
20
21    <application
21-->src/main/AndroidManifest.xml:12:5-39:19
22        android:allowBackup="false"
22-->src/main/AndroidManifest.xml:16:9-36
23        android:debuggable="true"
24        android:extractNativeLibs="false"
24-->INJECTED
25        android:icon="@android:drawable/sym_def_app_icon"
25-->src/main/AndroidManifest.xml:14:9-58
26        android:label="FoxholeCoreTest"
26-->src/main/AndroidManifest.xml:13:9-40
27        android:usesCleartextTraffic="false" >
27-->src/main/AndroidManifest.xml:15:9-45
28        <activity
28-->src/main/AndroidManifest.xml:18:9-25:20
29            android:name="com.foxhole.coretest.MainActivity"
29-->src/main/AndroidManifest.xml:19:13-61
30            android:exported="true" >
30-->src/main/AndroidManifest.xml:20:13-36
31            <intent-filter>
31-->src/main/AndroidManifest.xml:21:13-24:29
32                <action android:name="android.intent.action.MAIN" />
32-->src/main/AndroidManifest.xml:22:17-69
32-->src/main/AndroidManifest.xml:22:25-66
33
34                <category android:name="android.intent.category.LAUNCHER" />
34-->src/main/AndroidManifest.xml:23:17-77
34-->src/main/AndroidManifest.xml:23:27-74
35            </intent-filter>
36        </activity>
37
38        <service
38-->src/main/AndroidManifest.xml:27:9-38:19
39            android:name="com.foxhole.coretest.FoxholeTestVpnService"
39-->src/main/AndroidManifest.xml:28:13-70
40            android:exported="false"
40-->src/main/AndroidManifest.xml:31:13-37
41            android:foregroundServiceType="specialUse"
41-->src/main/AndroidManifest.xml:30:13-55
42            android:permission="android.permission.BIND_VPN_SERVICE" >
42-->src/main/AndroidManifest.xml:29:13-69
43            <property
43-->src/main/AndroidManifest.xml:32:13-34:94
44                android:name="android.app.PROPERTY_SPECIAL_USE_FGS_SUBTYPE"
44-->src/main/AndroidManifest.xml:33:17-76
45                android:value="Headless VPN core diagnostics and performance verification" />
45-->src/main/AndroidManifest.xml:34:17-91
46
47            <intent-filter>
47-->src/main/AndroidManifest.xml:35:13-37:29
48                <action android:name="android.net.VpnService" />
48-->src/main/AndroidManifest.xml:36:17-65
48-->src/main/AndroidManifest.xml:36:25-62
49            </intent-filter>
50        </service>
51    </application>
52
53</manifest>